<?xml version="1.0" encoding="UTF-8"?>
<!-- Generated by org.testng.reporters.JUnitReportReporter -->
<testsuite hostname="DESKTOP-T7JR2QB" failures="0" tests="1" name="POMClass.OrangeLogin" time="10.060" errors="0" timestamp="2024-12-13T18:53:46 IST" skipped="0">
  <testcase classname="POMClass.OrangeLogin" name="POM" time="10.060"/>
</testsuite> <!-- POMClass.OrangeLogin -->
